<?xml version="1.0" encoding="UTF-8"?>
<testng-results skipped="0" failed="0" total="3" passed="3">
  <reporter-output>
  </reporter-output>
  <suite name="Hello Fresh UI TEST" duration-ms="104965" started-at="2018-06-12T20:36:16Z" finished-at="2018-06-12T20:38:01Z">
    <groups>
    </groups>
    <test name="Login Test" duration-ms="26798" started-at="2018-06-12T20:36:16Z" finished-at="2018-06-12T20:36:43Z">
      <class name="com.hellofresh.challenge.LoginTest">
        <test-method status="PASS" signature="launhOS(java.lang.String)[pri:0, instance:com.hellofresh.challenge.LoginTest@32ea16b7]" name="launhOS" is-config="true" duration-ms="15800" started-at="2018-06-13T02:06:16Z" finished-at="2018-06-13T02:06:32Z">
          <params>
            <param index="0">
              <value>
                <![CDATA[chrome]]>
              </value>
            </param>
          </params>
          <reporter-output>
          </reporter-output>
        </test-method> <!-- launhOS -->
        <test-method status="PASS" signature="logInTest(java.lang.String, java.lang.String)[pri:0, instance:com.hellofresh.challenge.LoginTest@32ea16b7]" name="logInTest" duration-ms="9402" started-at="2018-06-13T02:06:33Z" description="Validate the successful login in test" data-provider="existinguserdata" finished-at="2018-06-13T02:06:42Z">
          <params>
            <param index="0">
              <value>
                <![CDATA[hf_challenge_123456@hf12345.com]]>
              </value>
            </param>
            <param index="1">
              <value>
                <![CDATA[12345678]]>
              </value>
            </param>
          </params>
          <reporter-output>
          </reporter-output>
        </test-method> <!-- logInTest -->
        <test-method status="PASS" signature="takeScreenShotOnFailure(org.testng.ITestResult)[pri:0, instance:com.hellofresh.challenge.LoginTest@32ea16b7]" name="takeScreenShotOnFailure" is-config="true" duration-ms="0" started-at="2018-06-13T02:06:42Z" finished-at="2018-06-13T02:06:42Z">
          <params>
            <param index="0">
              <value>
                <![CDATA[[TestResult name=logInTest status=SUCCESS method=LoginTest.logInTest(java.lang.String, java.lang.String)[pri:0, instance:com.hellofresh.challenge.LoginTest@32ea16b7] output={null}]]]>
              </value>
            </param>
          </params>
          <reporter-output>
          </reporter-output>
        </test-method> <!-- takeScreenShotOnFailure -->
        <test-method status="PASS" signature="endTest()[pri:0, instance:com.hellofresh.challenge.LoginTest@32ea16b7]" name="endTest" is-config="true" duration-ms="1068" started-at="2018-06-13T02:06:42Z" finished-at="2018-06-13T02:06:43Z">
          <reporter-output>
          </reporter-output>
        </test-method> <!-- endTest -->
      </class> <!-- com.hellofresh.challenge.LoginTest -->
    </test> <!-- Login Test -->
    <test name="SignIn Test" duration-ms="33612" started-at="2018-06-12T20:36:43Z" finished-at="2018-06-12T20:37:17Z">
      <class name="com.hellofresh.challenge.SignInTest">
        <test-method status="PASS" signature="launhOS(java.lang.String)[pri:0, instance:com.hellofresh.challenge.SignInTest@6e9a0bea]" name="launhOS" is-config="true" duration-ms="14379" started-at="2018-06-13T02:06:43Z" finished-at="2018-06-13T02:06:58Z">
          <params>
            <param index="0">
              <value>
                <![CDATA[chrome]]>
              </value>
            </param>
          </params>
          <reporter-output>
          </reporter-output>
        </test-method> <!-- launhOS -->
        <test-method status="PASS" signature="signInTest(java.lang.String, java.lang.String, java.lang.String, java.lang.String, java.lang.String, java.lang.String, java.lang.String, java.lang.String, java.lang.String, java.lang.String, java.lang.String, java.lang.String, java.lang.String, java.lang.String, java.lang.String, java.lang.String)[pri:0, instance:com.hellofresh.challenge.SignInTest@6e9a0bea]" name="signInTest" duration-ms="18876" started-at="2018-06-13T02:06:58Z" description="Validate the successful sign in test" data-provider="newuserdata" finished-at="2018-06-13T02:07:17Z">
          <params>
            <param index="0">
              <value>
                <![CDATA[fname]]>
              </value>
            </param>
            <param index="1">
              <value>
                <![CDATA[lname]]>
              </value>
            </param>
            <param index="2">
              <value>
                <![CDATA[Qwerty]]>
              </value>
            </param>
            <param index="3">
              <value>
                <![CDATA[1]]>
              </value>
            </param>
            <param index="4">
              <value>
                <![CDATA[1]]>
              </value>
            </param>
            <param index="5">
              <value>
                <![CDATA[2000]]>
              </value>
            </param>
            <param index="6">
              <value>
                <![CDATA[Company]]>
              </value>
            </param>
            <param index="7">
              <value>
                <![CDATA[Abc, 123]]>
              </value>
            </param>
            <param index="8">
              <value>
                <![CDATA[zxcvb]]>
              </value>
            </param>
            <param index="9">
              <value>
                <![CDATA[Qwerty]]>
              </value>
            </param>
            <param index="10">
              <value>
                <![CDATA[Colorado]]>
              </value>
            </param>
            <param index="11">
              <value>
                <![CDATA[12345]]>
              </value>
            </param>
            <param index="12">
              <value>
                <![CDATA[Qwerty]]>
              </value>
            </param>
            <param index="13">
              <value>
                <![CDATA[12345123123]]>
              </value>
            </param>
            <param index="14">
              <value>
                <![CDATA[12345123123]]>
              </value>
            </param>
            <param index="15">
              <value>
                <![CDATA[hf]]>
              </value>
            </param>
          </params>
          <reporter-output>
          </reporter-output>
        </test-method> <!-- signInTest -->
        <test-method status="PASS" signature="takeScreenShotOnFailure(org.testng.ITestResult)[pri:0, instance:com.hellofresh.challenge.SignInTest@6e9a0bea]" name="takeScreenShotOnFailure" is-config="true" duration-ms="0" started-at="2018-06-13T02:07:17Z" finished-at="2018-06-13T02:07:17Z">
          <params>
            <param index="0">
              <value>
                <![CDATA[[TestResult name=signInTest status=SUCCESS method=SignInTest.signInTest(java.lang.String, java.lang.String, java.lang.String, java.lang.String, java.lang.String, java.lang.String, java.lang.String, java.lang.String, java.lang.String, java.lang.String, java.lang.String, java.lang.String, java.lang.String, java.lang.String, java.lang.String, java.lang.String)[pri:0, instance:com.hellofresh.challenge.SignInTest@6e9a0bea] output={null}]]]>
              </value>
            </param>
          </params>
          <reporter-output>
          </reporter-output>
        </test-method> <!-- takeScreenShotOnFailure -->
      </class> <!-- com.hellofresh.challenge.SignInTest -->
    </test> <!-- SignIn Test -->
    <test name="CheckOut Test" duration-ms="44514" started-at="2018-06-12T20:37:17Z" finished-at="2018-06-12T20:38:01Z">
      <class name="com.hellofresh.challenge.CheckOutTest">
        <test-method status="PASS" signature="launhOS(java.lang.String)[pri:0, instance:com.hellofresh.challenge.CheckOutTest@41e9f86]" name="launhOS" is-config="true" duration-ms="14801" started-at="2018-06-13T02:07:17Z" finished-at="2018-06-13T02:07:32Z">
          <params>
            <param index="0">
              <value>
                <![CDATA[chrome]]>
              </value>
            </param>
          </params>
          <reporter-output>
          </reporter-output>
        </test-method> <!-- launhOS -->
        <test-method status="PASS" signature="checkOutTest(java.lang.String, java.lang.String)[pri:0, instance:com.hellofresh.challenge.CheckOutTest@41e9f86]" name="checkOutTest" duration-ms="28286" started-at="2018-06-13T02:07:32Z" description="Validate the successful checkout test" data-provider="existinguserdata" finished-at="2018-06-13T02:08:00Z">
          <params>
            <param index="0">
              <value>
                <![CDATA[hf_challenge_123456@hf12345.com]]>
              </value>
            </param>
            <param index="1">
              <value>
                <![CDATA[12345678]]>
              </value>
            </param>
          </params>
          <reporter-output>
          </reporter-output>
        </test-method> <!-- checkOutTest -->
        <test-method status="PASS" signature="takeScreenShotOnFailure(org.testng.ITestResult)[pri:0, instance:com.hellofresh.challenge.CheckOutTest@41e9f86]" name="takeScreenShotOnFailure" is-config="true" duration-ms="0" started-at="2018-06-13T02:08:00Z" finished-at="2018-06-13T02:08:00Z">
          <params>
            <param index="0">
              <value>
                <![CDATA[[TestResult name=checkOutTest status=SUCCESS method=CheckOutTest.checkOutTest(java.lang.String, java.lang.String)[pri:0, instance:com.hellofresh.challenge.CheckOutTest@41e9f86] output={null}]]]>
              </value>
            </param>
          </params>
          <reporter-output>
          </reporter-output>
        </test-method> <!-- takeScreenShotOnFailure -->
        <test-method status="PASS" signature="endTest()[pri:0, instance:com.hellofresh.challenge.CheckOutTest@41e9f86]" name="endTest" is-config="true" duration-ms="1097" started-at="2018-06-13T02:08:00Z" finished-at="2018-06-13T02:08:01Z">
          <reporter-output>
          </reporter-output>
        </test-method> <!-- endTest -->
        <test-method status="PASS" signature="afterTest()[pri:0, instance:com.hellofresh.challenge.CheckOutTest@41e9f86]" name="afterTest" is-config="true" duration-ms="0" started-at="2018-06-13T02:08:01Z" finished-at="2018-06-13T02:08:01Z">
          <reporter-output>
          </reporter-output>
        </test-method> <!-- afterTest -->
      </class> <!-- com.hellofresh.challenge.CheckOutTest -->
    </test> <!-- CheckOut Test -->
  </suite> <!-- Hello Fresh UI TEST -->
</testng-results>
