<?xml version="1.0" encoding="UTF-8"?>
<testsuite name="TestSuite" time="0.004" tests="1" errors="0" skipped="0" failures="1">
  <properties>
[...]
</properties>
  <testcase name="signInTest" classname="com.hellofresh.challenge.WebTest" time="0.004">
    <failure type="java.lang.NullPointerException:">java.lang.NullPointerException: null
	at com.hellofresh.challenge.WebTest.signInTest(WebTest.java:17)
</failure>
    <system-out><![CDATA[About to begin executing Suite Hello Fresh UI TEST
About to begin executing Suite Hello Fresh UI TEST
About to begin executing following method : BaseOperation.launhOS
About to begin executing following method : BaseOperation.launhOS
We are now in Windows with  chrome
Completed executing following method : BaseOperation.launhOS
Completed executing following method : BaseOperation.launhOS
Test Started....
About to begin executing following method : WebTest.signInTest
About to begin executing following method : WebTest.signInTest
Completed executing following method : WebTest.signInTest
Completed executing following method : WebTest.signInTest
]]></system-out>
    <system-err><![CDATA[Starting ChromeDriver 2.39.562718 (9a2698cba08cf5a471a29d30c8b3e12becabb0e9) on port 26889
Only local connections are allowed.
Jun 11, 2018 4:28:42 PM org.openqa.selenium.remote.ProtocolHandshake createSession
INFO: Detected dialect: OSS
]]></system-err>
  </testcase>
</testsuite>