<?xml version="1.0" encoding="UTF-8"?>
<testng-results skipped="0" failed="1" total="1" passed="0">
  <reporter-output>
    <line>
      <![CDATA[About to begin executing Suite Hello Fresh UI TEST]]>
    </line>
    <line>
      <![CDATA[About to begin executing Suite Hello Fresh UI TEST]]>
    </line>
    <line>
      <![CDATA[About to begin executing following method : BaseOperation.launhOS]]>
    </line>
    <line>
      <![CDATA[About to begin executing following method : BaseOperation.launhOS]]>
    </line>
    <line>
      <![CDATA[Completed executing following method : BaseOperation.launhOS]]>
    </line>
    <line>
      <![CDATA[Completed executing following method : BaseOperation.launhOS]]>
    </line>
    <line>
      <![CDATA[About to begin executing following method : WebTest.signInTest]]>
    </line>
    <line>
      <![CDATA[About to begin executing following method : WebTest.signInTest]]>
    </line>
    <line>
      <![CDATA[Completed executing following method : WebTest.signInTest]]>
    </line>
    <line>
      <![CDATA[Completed executing following method : WebTest.signInTest]]>
    </line>
    <line>
      <![CDATA[About to begin executing following method : BaseOperation.takeScreenShotOnFailure]]>
    </line>
    <line>
      <![CDATA[About to begin executing following method : BaseOperation.takeScreenShotOnFailure]]>
    </line>
    <line>
      <![CDATA[Completed executing following method : BaseOperation.takeScreenShotOnFailure]]>
    </line>
    <line>
      <![CDATA[Completed executing following method : BaseOperation.takeScreenShotOnFailure]]>
    </line>
    <line>
      <![CDATA[About to begin executing following method : BaseOperation.afterTest]]>
    </line>
    <line>
      <![CDATA[About to begin executing following method : BaseOperation.afterTest]]>
    </line>
    <line>
      <![CDATA[Completed executing following method : BaseOperation.afterTest]]>
    </line>
    <line>
      <![CDATA[Completed executing following method : BaseOperation.afterTest]]>
    </line>
    <line>
      <![CDATA[About to end executing Suite Hello Fresh UI TEST]]>
    </line>
    <line>
      <![CDATA[About to end executing Suite Hello Fresh UI TEST]]>
    </line>
  </reporter-output>
  <suite name="Hello Fresh UI TEST" duration-ms="129514" started-at="2018-06-06T04:19:22Z" finished-at="2018-06-06T04:21:31Z">
    <groups>
    </groups>
    <test name="Login Test" duration-ms="129514" started-at="2018-06-06T04:19:22Z" finished-at="2018-06-06T04:21:31Z">
      <class name="com.hellofresh.challenge.WebTest">
        <test-method status="PASS" signature="launhOS(java.lang.String)[pri:0, instance:com.hellofresh.challenge.WebTest@45311a99]" name="launhOS" is-config="true" duration-ms="17470" started-at="2018-06-06T09:49:22Z" finished-at="2018-06-06T09:49:39Z">
          <params>
            <param index="0">
              <value>
                <![CDATA[chrome]]>
              </value>
            </param>
          </params>
          <reporter-output>
            <line>
              <![CDATA[Completed executing following method : BaseOperation.launhOS]]>
            </line>
            <line>
              <![CDATA[Completed executing following method : BaseOperation.launhOS]]>
            </line>
          </reporter-output>
        </test-method> <!-- launhOS -->
        <test-method status="FAIL" signature="signInTest()[pri:0, instance:com.hellofresh.challenge.WebTest@45311a99]" name="signInTest" duration-ms="103634" started-at="2018-06-06T09:49:39Z" description="Validate the successful sign in test" finished-at="2018-06-06T09:51:23Z">
          <exception class="java.lang.NullPointerException">
            <full-stacktrace>
              <![CDATA[java.lang.NullPointerException
	at com.hellofresh.challenge.WebTest.signInTest(WebTest.java:13)
	at sun.reflect.NativeMethodAccessorImpl.invoke0(Native Method)
	at sun.reflect.NativeMethodAccessorImpl.invoke(NativeMethodAccessorImpl.java:62)
	at sun.reflect.DelegatingMethodAccessorImpl.invoke(DelegatingMethodAccessorImpl.java:43)
	at java.lang.reflect.Method.invoke(Method.java:498)
	at org.testng.internal.MethodInvocationHelper.invokeMethod(MethodInvocationHelper.java:80)
	at org.testng.internal.Invoker.invokeMethod(Invoker.java:714)
	at org.testng.internal.Invoker.invokeTestMethod(Invoker.java:901)
	at org.testng.internal.Invoker.invokeTestMethods(Invoker.java:1231)
	at org.testng.internal.TestMethodWorker.invokeTestMethods(TestMethodWorker.java:127)
	at org.testng.internal.TestMethodWorker.run(TestMethodWorker.java:111)
	at org.testng.TestRunner.privateRun(TestRunner.java:767)
	at org.testng.TestRunner.run(TestRunner.java:617)
	at org.testng.SuiteRunner.runTest(SuiteRunner.java:334)
	at org.testng.SuiteRunner.runSequentially(SuiteRunner.java:329)
	at org.testng.SuiteRunner.privateRun(SuiteRunner.java:291)
	at org.testng.SuiteRunner.run(SuiteRunner.java:240)
	at org.testng.SuiteRunnerWorker.runSuite(SuiteRunnerWorker.java:52)
	at org.testng.SuiteRunnerWorker.run(SuiteRunnerWorker.java:86)
	at org.testng.TestNG.runSuitesSequentially(TestNG.java:1198)
	at org.testng.TestNG.runSuitesLocally(TestNG.java:1123)
	at org.testng.TestNG.run(TestNG.java:1031)
	at org.apache.maven.surefire.testng.TestNGExecutor.run(TestNGExecutor.java:295)
	at org.apache.maven.surefire.testng.TestNGXmlTestSuite.execute(TestNGXmlTestSuite.java:84)
	at org.apache.maven.surefire.testng.TestNGProvider.invoke(TestNGProvider.java:90)
	at sun.reflect.NativeMethodAccessorImpl.invoke0(Native Method)
	at sun.reflect.NativeMethodAccessorImpl.invoke(NativeMethodAccessorImpl.java:62)
	at sun.reflect.DelegatingMethodAccessorImpl.invoke(DelegatingMethodAccessorImpl.java:43)
	at java.lang.reflect.Method.invoke(Method.java:498)
	at org.apache.maven.surefire.util.ReflectionUtils.invokeMethodWithArray2(ReflectionUtils.java:208)
	at org.apache.maven.surefire.booter.ProviderFactory$ProviderProxy.invoke(ProviderFactory.java:155)
	at org.apache.maven.surefire.booter.ProviderFactory.invokeProvider(ProviderFactory.java:81)
	at org.apache.maven.plugin.surefire.InPluginVMSurefireStarter.runSuitesInProcess(InPluginVMSurefireStarter.java:82)
	at org.apache.maven.plugin.surefire.AbstractSurefireMojo.executeProvider(AbstractSurefireMojo.java:974)
	at org.apache.maven.plugin.surefire.AbstractSurefireMojo.executeAfterPreconditionsChecked(AbstractSurefireMojo.java:824)
	at org.apache.maven.plugin.surefire.AbstractSurefireMojo.execute(AbstractSurefireMojo.java:722)
	at org.apache.maven.plugin.DefaultBuildPluginManager.executeMojo(DefaultBuildPluginManager.java:134)
	at org.apache.maven.lifecycle.internal.MojoExecutor.execute(MojoExecutor.java:207)
	at org.apache.maven.lifecycle.internal.MojoExecutor.execute(MojoExecutor.java:153)
	at org.apache.maven.lifecycle.internal.MojoExecutor.execute(MojoExecutor.java:145)
	at org.apache.maven.lifecycle.internal.LifecycleModuleBuilder.buildProject(LifecycleModuleBuilder.java:116)
	at org.apache.maven.lifecycle.internal.LifecycleModuleBuilder.buildProject(LifecycleModuleBuilder.java:80)
	at org.apache.maven.lifecycle.internal.builder.singlethreaded.SingleThreadedBuilder.build(SingleThreadedBuilder.java:51)
	at org.apache.maven.lifecycle.internal.LifecycleStarter.execute(LifecycleStarter.java:128)
	at org.apache.maven.DefaultMaven.doExecute(DefaultMaven.java:307)
	at org.apache.maven.DefaultMaven.doExecute(DefaultMaven.java:193)
	at org.apache.maven.DefaultMaven.execute(DefaultMaven.java:106)
	at org.apache.maven.cli.MavenCli.execute(MavenCli.java:863)
	at org.apache.maven.cli.MavenCli.doMain(MavenCli.java:288)
	at org.apache.maven.cli.MavenCli.main(MavenCli.java:199)
	at sun.reflect.NativeMethodAccessorImpl.invoke0(Native Method)
	at sun.reflect.NativeMethodAccessorImpl.invoke(NativeMethodAccessorImpl.java:62)
	at sun.reflect.DelegatingMethodAccessorImpl.invoke(DelegatingMethodAccessorImpl.java:43)
	at java.lang.reflect.Method.invoke(Method.java:498)
	at org.codehaus.plexus.classworlds.launcher.Launcher.launchEnhanced(Launcher.java:289)
	at org.codehaus.plexus.classworlds.launcher.Launcher.launch(Launcher.java:229)
	at org.codehaus.plexus.classworlds.launcher.Launcher.mainWithExitCode(Launcher.java:415)
	at org.codehaus.plexus.classworlds.launcher.Launcher.main(Launcher.java:356)
]]>
            </full-stacktrace>
          </exception> <!-- java.lang.NullPointerException -->
          <reporter-output>
            <line>
              <![CDATA[Completed executing following method : WebTest.signInTest]]>
            </line>
            <line>
              <![CDATA[Completed executing following method : WebTest.signInTest]]>
            </line>
            <line>
              <![CDATA[About to begin executing following method : BaseOperation.takeScreenShotOnFailure]]>
            </line>
            <line>
              <![CDATA[About to begin executing following method : BaseOperation.takeScreenShotOnFailure]]>
            </line>
          </reporter-output>
        </test-method> <!-- signInTest -->
        <test-method status="PASS" signature="takeScreenShotOnFailure(org.testng.ITestResult)[pri:0, instance:com.hellofresh.challenge.WebTest@45311a99]" name="takeScreenShotOnFailure" is-config="true" duration-ms="1828" started-at="2018-06-06T09:51:29Z" finished-at="2018-06-06T09:51:31Z">
          <params>
            <param index="0">
              <value>
                <![CDATA[[TestResult name=signInTest status=FAILURE method=WebTest.signInTest()[pri:0, instance:com.hellofresh.challenge.WebTest@45311a99] output=Completed executing following method : WebTest.signInTest]]]>
              </value>
            </param>
          </params>
          <reporter-output>
            <line>
              <![CDATA[Completed executing following method : BaseOperation.takeScreenShotOnFailure]]>
            </line>
            <line>
              <![CDATA[Completed executing following method : BaseOperation.takeScreenShotOnFailure]]>
            </line>
          </reporter-output>
        </test-method> <!-- takeScreenShotOnFailure -->
        <test-method status="PASS" signature="afterTest()[pri:0, instance:com.hellofresh.challenge.WebTest@45311a99]" name="afterTest" is-config="true" duration-ms="6189" started-at="2018-06-06T09:51:31Z" finished-at="2018-06-06T09:51:38Z">
          <reporter-output>
            <line>
              <![CDATA[Completed executing following method : BaseOperation.afterTest]]>
            </line>
            <line>
              <![CDATA[Completed executing following method : BaseOperation.afterTest]]>
            </line>
          </reporter-output>
        </test-method> <!-- afterTest -->
      </class> <!-- com.hellofresh.challenge.WebTest -->
    </test> <!-- Login Test -->
  </suite> <!-- Hello Fresh UI TEST -->
</testng-results>
