<?xml version="1.0" encoding="UTF-8"?>
<testng-results skipped="0" failed="1" total="1" passed="0">
  <reporter-output>
    <line>
      <![CDATA[About to begin executing Suite Hello Fresh UI TEST]]>
    </line>
    <line>
      <![CDATA[About to begin executing Suite Hello Fresh UI TEST]]>
    </line>
    <line>
      <![CDATA[About to begin executing following method : BaseOperation.launhOS]]>
    </line>
    <line>
      <![CDATA[About to begin executing following method : BaseOperation.launhOS]]>
    </line>
    <line>
      <![CDATA[Completed executing following method : BaseOperation.launhOS]]>
    </line>
    <line>
      <![CDATA[Completed executing following method : BaseOperation.launhOS]]>
    </line>
    <line>
      <![CDATA[About to begin executing following method : WebTest.signInTest]]>
    </line>
    <line>
      <![CDATA[About to begin executing following method : WebTest.signInTest]]>
    </line>
    <line>
      <![CDATA[Completed executing following method : WebTest.signInTest]]>
    </line>
    <line>
      <![CDATA[Completed executing following method : WebTest.signInTest]]>
    </line>
    <line>
      <![CDATA[About to begin executing following method : BaseOperation.takeScreenShotOnFailure]]>
    </line>
    <line>
      <![CDATA[About to begin executing following method : BaseOperation.takeScreenShotOnFailure]]>
    </line>
    <line>
      <![CDATA[Completed executing following method : BaseOperation.takeScreenShotOnFailure]]>
    </line>
    <line>
      <![CDATA[Completed executing following method : BaseOperation.takeScreenShotOnFailure]]>
    </line>
    <line>
      <![CDATA[About to begin executing following method : BaseOperation.afterTest]]>
    </line>
    <line>
      <![CDATA[About to begin executing following method : BaseOperation.afterTest]]>
    </line>
    <line>
      <![CDATA[Completed executing following method : BaseOperation.afterTest]]>
    </line>
    <line>
      <![CDATA[Completed executing following method : BaseOperation.afterTest]]>
    </line>
    <line>
      <![CDATA[About to end executing Suite Hello Fresh UI TEST]]>
    </line>
    <line>
      <![CDATA[About to end executing Suite Hello Fresh UI TEST]]>
    </line>
  </reporter-output>
  <suite name="Hello Fresh UI TEST" duration-ms="25711" started-at="2018-06-11T15:18:43Z" finished-at="2018-06-11T15:19:09Z">
    <groups>
    </groups>
    <test name="Login Test" duration-ms="25711" started-at="2018-06-11T15:18:43Z" finished-at="2018-06-11T15:19:09Z">
      <class name="com.hellofresh.challenge.WebTest">
        <test-method status="PASS" signature="launhOS(java.lang.String)[pri:0, instance:com.hellofresh.challenge.WebTest@76707e36]" name="launhOS" is-config="true" duration-ms="23796" started-at="2018-06-11T20:48:43Z" finished-at="2018-06-11T20:49:07Z">
          <params>
            <param index="0">
              <value>
                <![CDATA[chrome]]>
              </value>
            </param>
          </params>
          <reporter-output>
            <line>
              <![CDATA[Completed executing following method : BaseOperation.launhOS]]>
            </line>
            <line>
              <![CDATA[Completed executing following method : BaseOperation.launhOS]]>
            </line>
          </reporter-output>
        </test-method> <!-- launhOS -->
        <test-method status="FAIL" signature="signInTest()[pri:0, instance:com.hellofresh.challenge.WebTest@76707e36]" name="signInTest" duration-ms="14" started-at="2018-06-11T20:49:07Z" description="Validate the successful sign in test" finished-at="2018-06-11T20:49:07Z">
          <exception class="java.lang.NullPointerException">
            <full-stacktrace>
              <![CDATA[java.lang.NullPointerException
	at com.hellofresh.challenge.WebTest.signInTest(WebTest.java:20)
	at sun.reflect.NativeMethodAccessorImpl.invoke0(Native Method)
	at sun.reflect.NativeMethodAccessorImpl.invoke(NativeMethodAccessorImpl.java:62)
	at sun.reflect.DelegatingMethodAccessorImpl.invoke(DelegatingMethodAccessorImpl.java:43)
	at java.lang.reflect.Method.invoke(Method.java:498)
	at org.testng.internal.MethodInvocationHelper.invokeMethod(MethodInvocationHelper.java:80)
	at org.testng.internal.Invoker.invokeMethod(Invoker.java:714)
	at org.testng.internal.Invoker.invokeTestMethod(Invoker.java:901)
	at org.testng.internal.Invoker.invokeTestMethods(Invoker.java:1231)
	at org.testng.internal.TestMethodWorker.invokeTestMethods(TestMethodWorker.java:127)
	at org.testng.internal.TestMethodWorker.run(TestMethodWorker.java:111)
	at org.testng.TestRunner.privateRun(TestRunner.java:767)
	at org.testng.TestRunner.run(TestRunner.java:617)
	at org.testng.SuiteRunner.runTest(SuiteRunner.java:334)
	at org.testng.SuiteRunner.runSequentially(SuiteRunner.java:329)
	at org.testng.SuiteRunner.privateRun(SuiteRunner.java:291)
	at org.testng.SuiteRunner.run(SuiteRunner.java:240)
	at org.testng.SuiteRunnerWorker.runSuite(SuiteRunnerWorker.java:52)
	at org.testng.SuiteRunnerWorker.run(SuiteRunnerWorker.java:86)
	at org.testng.TestNG.runSuitesSequentially(TestNG.java:1198)
	at org.testng.TestNG.runSuitesLocally(TestNG.java:1123)
	at org.testng.TestNG.run(TestNG.java:1031)
	at org.testng.remote.AbstractRemoteTestNG.run(AbstractRemoteTestNG.java:114)
	at org.testng.remote.RemoteTestNG.initAndRun(RemoteTestNG.java:251)
	at org.testng.remote.RemoteTestNG.main(RemoteTestNG.java:77)
]]>
            </full-stacktrace>
          </exception> <!-- java.lang.NullPointerException -->
          <reporter-output>
            <line>
              <![CDATA[Completed executing following method : WebTest.signInTest]]>
            </line>
            <line>
              <![CDATA[Completed executing following method : WebTest.signInTest]]>
            </line>
            <line>
              <![CDATA[About to begin executing following method : BaseOperation.takeScreenShotOnFailure]]>
            </line>
            <line>
              <![CDATA[About to begin executing following method : BaseOperation.takeScreenShotOnFailure]]>
            </line>
          </reporter-output>
        </test-method> <!-- signInTest -->
        <test-method status="PASS" signature="takeScreenShotOnFailure(org.testng.ITestResult)[pri:0, instance:com.hellofresh.challenge.WebTest@76707e36]" name="takeScreenShotOnFailure" is-config="true" duration-ms="1872" started-at="2018-06-11T20:49:07Z" finished-at="2018-06-11T20:49:09Z">
          <params>
            <param index="0">
              <value>
                <![CDATA[[TestResult name=signInTest status=FAILURE method=WebTest.signInTest()[pri:0, instance:com.hellofresh.challenge.WebTest@76707e36] output=Completed executing following method : WebTest.signInTest]]]>
              </value>
            </param>
          </params>
          <reporter-output>
            <line>
              <![CDATA[Completed executing following method : BaseOperation.takeScreenShotOnFailure]]>
            </line>
            <line>
              <![CDATA[Completed executing following method : BaseOperation.takeScreenShotOnFailure]]>
            </line>
          </reporter-output>
        </test-method> <!-- takeScreenShotOnFailure -->
        <test-method status="PASS" signature="afterTest()[pri:0, instance:com.hellofresh.challenge.WebTest@76707e36]" name="afterTest" is-config="true" duration-ms="1292" started-at="2018-06-11T20:49:09Z" finished-at="2018-06-11T20:49:11Z">
          <reporter-output>
            <line>
              <![CDATA[Completed executing following method : BaseOperation.afterTest]]>
            </line>
            <line>
              <![CDATA[Completed executing following method : BaseOperation.afterTest]]>
            </line>
          </reporter-output>
        </test-method> <!-- afterTest -->
      </class> <!-- com.hellofresh.challenge.WebTest -->
    </test> <!-- Login Test -->
  </suite> <!-- Hello Fresh UI TEST -->
</testng-results>
