<?xml version="1.0" encoding="UTF-8"?>
<testng-results skipped="3" failed="0" total="3" passed="0">
  <reporter-output>
  </reporter-output>
  <suite name="Default suite" duration-ms="371" started-at="2018-06-05T17:20:17Z" finished-at="2018-06-05T17:20:17Z">
    <groups>
    </groups>
    <test name="Default test" duration-ms="371" started-at="2018-06-05T17:20:17Z" finished-at="2018-06-05T17:20:17Z">
      <class name="com.hellofresh.challenge.WebTest">
        <test-method status="FAIL" signature="launhOS(java.lang.String)[pri:0, instance:com.hellofresh.challenge.WebTest@64bf3bbf]" name="launhOS" is-config="true" duration-ms="0" started-at="2018-06-05T22:50:17Z" finished-at="2018-06-05T22:50:17Z">
          <exception class="org.testng.TestNGException">
            <message>
              <![CDATA[
Parameter 'BROWSER' is required by @Configuration on method launhOS but has not been marked @Optional or defined
in C:\Users\ADas\AppData\Local\Temp\testng-eclipse-1297718773\testng-customsuite.xml]]>
            </message>
            <full-stacktrace>
              <![CDATA[org.testng.TestNGException: 
Parameter 'BROWSER' is required by @Configuration on method launhOS but has not been marked @Optional or defined
in C:\Users\ADas\AppData\Local\Temp\testng-eclipse-1297718773\testng-customsuite.xml
	at org.testng.internal.Parameters.createParameters(Parameters.java:155)
	at org.testng.internal.Parameters.createParameters(Parameters.java:355)
	at org.testng.internal.Parameters.createConfigurationParameters(Parameters.java:86)
	at org.testng.internal.Invoker.invokeConfigurations(Invoker.java:199)
	at org.testng.internal.Invoker.invokeConfigurations(Invoker.java:138)
	at org.testng.internal.TestMethodWorker.invokeBeforeClassMethods(TestMethodWorker.java:175)
	at org.testng.internal.TestMethodWorker.run(TestMethodWorker.java:107)
	at org.testng.TestRunner.privateRun(TestRunner.java:767)
	at org.testng.TestRunner.run(TestRunner.java:617)
	at org.testng.SuiteRunner.runTest(SuiteRunner.java:334)
	at org.testng.SuiteRunner.runSequentially(SuiteRunner.java:329)
	at org.testng.SuiteRunner.privateRun(SuiteRunner.java:291)
	at org.testng.SuiteRunner.run(SuiteRunner.java:240)
	at org.testng.SuiteRunnerWorker.runSuite(SuiteRunnerWorker.java:52)
	at org.testng.SuiteRunnerWorker.run(SuiteRunnerWorker.java:86)
	at org.testng.TestNG.runSuitesSequentially(TestNG.java:1198)
	at org.testng.TestNG.runSuitesLocally(TestNG.java:1123)
	at org.testng.TestNG.run(TestNG.java:1031)
	at org.testng.remote.AbstractRemoteTestNG.run(AbstractRemoteTestNG.java:114)
	at org.testng.remote.RemoteTestNG.initAndRun(RemoteTestNG.java:251)
	at org.testng.remote.RemoteTestNG.main(RemoteTestNG.java:77)
]]>
            </full-stacktrace>
          </exception> <!-- org.testng.TestNGException -->
          <reporter-output>
          </reporter-output>
        </test-method> <!-- launhOS -->
        <test-method status="SKIP" signature="signInTest()[pri:0, instance:com.hellofresh.challenge.WebTest@64bf3bbf]" name="signInTest" duration-ms="13" started-at="2018-06-05T22:50:17Z" description="Validate the successful sign in test" finished-at="2018-06-05T22:50:17Z">
          <reporter-output>
          </reporter-output>
        </test-method> <!-- signInTest -->
        <test-method status="SKIP" signature="takeScreenShotOnFailure(org.testng.ITestResult)[pri:0, instance:com.hellofresh.challenge.WebTest@64bf3bbf]" name="takeScreenShotOnFailure" is-config="true" duration-ms="0" started-at="2018-06-05T22:50:17Z" finished-at="2018-06-05T22:50:17Z">
          <reporter-output>
          </reporter-output>
        </test-method> <!-- takeScreenShotOnFailure -->
        <test-method status="SKIP" signature="logInTest(java.lang.String, java.lang.String)[pri:0, instance:com.hellofresh.challenge.WebTest@64bf3bbf]" name="logInTest" duration-ms="1" started-at="2018-06-05T22:50:17Z" description="Validate the successful login in test" data-provider="LoginTest" finished-at="2018-06-05T22:50:17Z">
          <params>
            <param index="0">
              <value>
                <![CDATA[hf_challenge_123456@hf12345.com]]>
              </value>
            </param>
            <param index="1">
              <value>
                <![CDATA[12345678]]>
              </value>
            </param>
          </params>
          <reporter-output>
          </reporter-output>
        </test-method> <!-- logInTest -->
        <test-method status="SKIP" signature="takeScreenShotOnFailure(org.testng.ITestResult)[pri:0, instance:com.hellofresh.challenge.WebTest@64bf3bbf]" name="takeScreenShotOnFailure" is-config="true" duration-ms="0" started-at="2018-06-05T22:50:17Z" finished-at="2018-06-05T22:50:17Z">
          <reporter-output>
          </reporter-output>
        </test-method> <!-- takeScreenShotOnFailure -->
        <test-method status="SKIP" signature="checkOutTest(java.lang.String, java.lang.String)[pri:0, instance:com.hellofresh.challenge.WebTest@64bf3bbf]" name="checkOutTest" duration-ms="2" started-at="2018-06-05T22:50:17Z" description="Validate the successful checkout test" data-provider="LoginTest" finished-at="2018-06-05T22:50:17Z">
          <params>
            <param index="0">
              <value>
                <![CDATA[hf_challenge_123456@hf12345.com]]>
              </value>
            </param>
            <param index="1">
              <value>
                <![CDATA[12345678]]>
              </value>
            </param>
          </params>
          <reporter-output>
          </reporter-output>
        </test-method> <!-- checkOutTest -->
        <test-method status="SKIP" signature="takeScreenShotOnFailure(org.testng.ITestResult)[pri:0, instance:com.hellofresh.challenge.WebTest@64bf3bbf]" name="takeScreenShotOnFailure" is-config="true" duration-ms="0" started-at="2018-06-05T22:50:17Z" finished-at="2018-06-05T22:50:17Z">
          <reporter-output>
          </reporter-output>
        </test-method> <!-- takeScreenShotOnFailure -->
      </class> <!-- com.hellofresh.challenge.WebTest -->
      <class name="com.actionEngine.BaseOperation">
        <test-method status="FAIL" signature="afterTest()[pri:0, instance:com.actionEngine.BaseOperation@6adede5]" name="afterTest" is-config="true" duration-ms="0" started-at="2018-06-05T22:50:17Z" finished-at="2018-06-05T22:50:17Z">
          <exception class="java.lang.NullPointerException">
            <full-stacktrace>
              <![CDATA[java.lang.NullPointerException
	at com.actionEngine.BaseOperation.afterTest(BaseOperation.java:170)
	at sun.reflect.NativeMethodAccessorImpl.invoke0(Native Method)
	at sun.reflect.NativeMethodAccessorImpl.invoke(NativeMethodAccessorImpl.java:62)
	at sun.reflect.DelegatingMethodAccessorImpl.invoke(DelegatingMethodAccessorImpl.java:43)
	at java.lang.reflect.Method.invoke(Method.java:498)
	at org.testng.internal.MethodInvocationHelper.invokeMethod(MethodInvocationHelper.java:80)
	at org.testng.internal.Invoker.invokeConfigurationMethod(Invoker.java:564)
	at org.testng.internal.Invoker.invokeConfigurations(Invoker.java:213)
	at org.testng.internal.Invoker.invokeConfigurations(Invoker.java:138)
	at org.testng.SuiteRunner.privateRun(SuiteRunner.java:308)
	at org.testng.SuiteRunner.run(SuiteRunner.java:240)
	at org.testng.SuiteRunnerWorker.runSuite(SuiteRunnerWorker.java:52)
	at org.testng.SuiteRunnerWorker.run(SuiteRunnerWorker.java:86)
	at org.testng.TestNG.runSuitesSequentially(TestNG.java:1198)
	at org.testng.TestNG.runSuitesLocally(TestNG.java:1123)
	at org.testng.TestNG.run(TestNG.java:1031)
	at org.testng.remote.AbstractRemoteTestNG.run(AbstractRemoteTestNG.java:114)
	at org.testng.remote.RemoteTestNG.initAndRun(RemoteTestNG.java:251)
	at org.testng.remote.RemoteTestNG.main(RemoteTestNG.java:77)
]]>
            </full-stacktrace>
          </exception> <!-- java.lang.NullPointerException -->
          <reporter-output>
          </reporter-output>
        </test-method> <!-- afterTest -->
      </class> <!-- com.actionEngine.BaseOperation -->
    </test> <!-- Default test -->
  </suite> <!-- Default suite -->
</testng-results>
