<?xml version="1.0" encoding="UTF-8"?>
<testsuite name="Login Test"
           tests="1"
           failures="1"
           errors="0"
           skipped="0"
           time="103.634">
  <properties />
            <testcase name="signInTest" time="103.634" classname="com.hellofresh.challenge.WebTest">
                <failure type="java.lang.NullPointerException"
                  message="(null)"
              >
<![CDATA[java.lang.NullPointerException
  com.hellofresh.challenge.WebTest.signInTest(WebTest.java:13)
  sun.reflect.NativeMethodAccessorImpl.invoke0(Native Method)
  sun.reflect.NativeMethodAccessorImpl.invoke(NativeMethodAccessorImpl.java:62)
  sun.reflect.DelegatingMethodAccessorImpl.invoke(DelegatingMethodAccessorImpl.java:43)
  java.lang.reflect.Method.invoke(Method.java:498)
  org.testng.internal.MethodInvocationHelper.invokeMethod(MethodInvocationHelper.java:80)
  org.testng.internal.Invoker.invokeMethod(Invoker.java:714)
  org.testng.internal.Invoker.invokeTestMethod(Invoker.java:901)
  org.testng.internal.Invoker.invokeTestMethods(Invoker.java:1231)
  org.testng.internal.TestMethodWorker.invokeTestMethods(TestMethodWorker.java:127)
  org.testng.internal.TestMethodWorker.run(TestMethodWorker.java:111)
  org.testng.TestRunner.privateRun(TestRunner.java:767)
  org.testng.TestRunner.run(TestRunner.java:617)
  org.testng.SuiteRunner.runTest(SuiteRunner.java:334)
  org.testng.SuiteRunner.runSequentially(SuiteRunner.java:329)
  org.testng.SuiteRunner.privateRun(SuiteRunner.java:291)
  org.testng.SuiteRunner.run(SuiteRunner.java:240)
  org.testng.SuiteRunnerWorker.runSuite(SuiteRunnerWorker.java:52)
  org.testng.SuiteRunnerWorker.run(SuiteRunnerWorker.java:86)
  org.testng.TestNG.runSuitesSequentially(TestNG.java:1198)
  org.testng.TestNG.runSuitesLocally(TestNG.java:1123)
  org.testng.TestNG.run(TestNG.java:1031)
  org.apache.maven.surefire.testng.TestNGExecutor.run(TestNGExecutor.java:295)
  org.apache.maven.surefire.testng.TestNGXmlTestSuite.execute(TestNGXmlTestSuite.java:84)
  org.apache.maven.surefire.testng.TestNGProvider.invoke(TestNGProvider.java:90)
  sun.reflect.NativeMethodAccessorImpl.invoke0(Native Method)
  sun.reflect.NativeMethodAccessorImpl.invoke(NativeMethodAccessorImpl.java:62)
  sun.reflect.DelegatingMethodAccessorImpl.invoke(DelegatingMethodAccessorImpl.java:43)
  java.lang.reflect.Method.invoke(Method.java:498)
  org.apache.maven.surefire.util.ReflectionUtils.invokeMethodWithArray2(ReflectionUtils.java:208)
  org.apache.maven.surefire.booter.ProviderFactory$ProviderProxy.invoke(ProviderFactory.java:155)
  org.apache.maven.surefire.booter.ProviderFactory.invokeProvider(ProviderFactory.java:81)
  org.apache.maven.plugin.surefire.InPluginVMSurefireStarter.runSuitesInProcess(InPluginVMSurefireStarter.java:82)
  org.apache.maven.plugin.surefire.AbstractSurefireMojo.executeProvider(AbstractSurefireMojo.java:974)
  org.apache.maven.plugin.surefire.AbstractSurefireMojo.executeAfterPreconditionsChecked(AbstractSurefireMojo.java:824)
  org.apache.maven.plugin.surefire.AbstractSurefireMojo.execute(AbstractSurefireMojo.java:722)
  org.apache.maven.plugin.DefaultBuildPluginManager.executeMojo(DefaultBuildPluginManager.java:134)
  org.apache.maven.lifecycle.internal.MojoExecutor.execute(MojoExecutor.java:207)
  org.apache.maven.lifecycle.internal.MojoExecutor.execute(MojoExecutor.java:153)
  org.apache.maven.lifecycle.internal.MojoExecutor.execute(MojoExecutor.java:145)
  org.apache.maven.lifecycle.internal.LifecycleModuleBuilder.buildProject(LifecycleModuleBuilder.java:116)
  org.apache.maven.lifecycle.internal.LifecycleModuleBuilder.buildProject(LifecycleModuleBuilder.java:80)
  org.apache.maven.lifecycle.internal.builder.singlethreaded.SingleThreadedBuilder.build(SingleThreadedBuilder.java:51)
  org.apache.maven.lifecycle.internal.LifecycleStarter.execute(LifecycleStarter.java:128)
  org.apache.maven.DefaultMaven.doExecute(DefaultMaven.java:307)
  org.apache.maven.DefaultMaven.doExecute(DefaultMaven.java:193)
  org.apache.maven.DefaultMaven.execute(DefaultMaven.java:106)
  org.apache.maven.cli.MavenCli.execute(MavenCli.java:863)
  org.apache.maven.cli.MavenCli.doMain(MavenCli.java:288)
  org.apache.maven.cli.MavenCli.main(MavenCli.java:199)
  sun.reflect.NativeMethodAccessorImpl.invoke0(Native Method)
  sun.reflect.NativeMethodAccessorImpl.invoke(NativeMethodAccessorImpl.java:62)
  sun.reflect.DelegatingMethodAccessorImpl.invoke(DelegatingMethodAccessorImpl.java:43)
  java.lang.reflect.Method.invoke(Method.java:498)
  org.codehaus.plexus.classworlds.launcher.Launcher.launchEnhanced(Launcher.java:289)
  org.codehaus.plexus.classworlds.launcher.Launcher.launch(Launcher.java:229)
  org.codehaus.plexus.classworlds.launcher.Launcher.mainWithExitCode(Launcher.java:415)
  org.codehaus.plexus.classworlds.launcher.Launcher.main(Launcher.java:356)
]]>
      </failure>

          </testcase>
  
  
  
</testsuite>
