<?xml version="1.0" encoding="UTF-8"?>
<!-- Generated by org.testng.reporters.JUnitXMLReporter -->
<testsuite hostname="OABLN2392" name="Login Test" tests="3" failures="1" timestamp="5 Jun 2018 15:16:41 GMT" time="0.29" errors="0">
  <testcase name="@AfterMethod takeScreenShotOnFailure" time="0.0" classname="com.hellofresh.challenge.WebTest">
    <failure type="java.lang.NullPointerException">
      <![CDATA[java.lang.NullPointerException
	at com.actionEngine.BaseOperation.takeScreenShotOnFailure(BaseOperation.java:153)
... Removed 26 stack frames]]>
    </failure>
  </testcase> <!-- @AfterMethod takeScreenShotOnFailure -->
  <testcase name="@AfterMethod takeScreenShotOnFailure" time="0.0" classname="com.hellofresh.challenge.WebTest">
    <skipped/>
  </testcase> <!-- @AfterMethod takeScreenShotOnFailure -->
  <testcase name="@AfterMethod takeScreenShotOnFailure" time="0.0" classname="com.hellofresh.challenge.WebTest">
    <skipped/>
  </testcase> <!-- @AfterMethod takeScreenShotOnFailure -->
  <testcase name="signInTest" time="0.01" classname="com.hellofresh.challenge.WebTest">
    <failure type="java.lang.NullPointerException">
      <![CDATA[java.lang.NullPointerException
	at com.hellofresh.challenge.WebTest.signInTest(WebTest.java:13)
... Removed 24 stack frames]]>
    </failure>
  </testcase> <!-- signInTest -->
  <testcase name="logInTest" time="0.015" classname="com.hellofresh.challenge.WebTest">
    <skipped/>
  </testcase> <!-- logInTest -->
  <testcase name="checkOutTest" time="0.005" classname="com.hellofresh.challenge.WebTest">
    <skipped/>
  </testcase> <!-- checkOutTest -->
</testsuite> <!-- Login Test -->
