<?xml version="1.0" encoding="UTF-8"?>
<!-- Generated by org.testng.reporters.JUnitXMLReporter -->
<testsuite hostname="OABLN2392" name="Login Test" tests="1" failures="1" timestamp="11 Jun 2018 15:19:09 GMT" time="25.711" errors="0">
  <testcase name="signInTest" time="0.014" classname="com.hellofresh.challenge.WebTest">
    <failure type="java.lang.NullPointerException">
      <![CDATA[java.lang.NullPointerException
	at com.hellofresh.challenge.WebTest.signInTest(WebTest.java:20)
... Removed 24 stack frames]]>
    </failure>
  </testcase> <!-- signInTest -->
</testsuite> <!-- Login Test -->
